Started GET "/ws" for ::1 at 2023-07-12 09:28:40 -0400
  
ActiveRecord::NoDatabaseError (We could not find your database: poki_tinder_backend_development. Which can be found in the database configuration file located at config/database.yml.

To resolve this issue:

- Did you create the database for this app, or delete it? You may need to create your database.
- Has the database name changed? Check your database.yml config has the correct database name.

To create your database, run:

        bin/rails db:create
):
  
activerecord (7.0.5) lib/active_record/connection_adapters/postgresql_adapter.rb:81:in `rescue in new_client'
activerecord (7.0.5) lib/active_record/connection_adapters/postgresql_adapter.rb:77:in `new_client'
activerecord (7.0.5) lib/active_record/connection_adapters/postgresql_adapter.rb:37:in `postgresql_connection'
activerecord (7.0.5) lib/active_record/connection_adapters/abstract/connection_pool.rb:656:in `public_send'
activerecord (7.0.5) lib/active_record/connection_adapters/abstract/connection_pool.rb:656:in `new_connection'
activerecord (7.0.5) lib/active_record/connection_adapters/abstract/connection_pool.rb:700:in `checkout_new_connection'
activerecord (7.0.5) lib/active_record/connection_adapters/abstract/connection_pool.rb:679:in `try_to_checkout_new_connection'
activerecord (7.0.5) lib/active_record/connection_adapters/abstract/connection_pool.rb:640:in `acquire_connection'
activerecord (7.0.5) lib/active_record/connection_adapters/abstract/connection_pool.rb:341:in `checkout'
activerecord (7.0.5) lib/active_record/connection_adapters/abstract/connection_pool.rb:181:in `connection'
activerecord (7.0.5) lib/active_record/connection_adapters/abstract/connection_handler.rb:211:in `retrieve_connection'
activerecord (7.0.5) lib/active_record/connection_handling.rb:313:in `retrieve_connection'
activerecord (7.0.5) lib/active_record/connection_handling.rb:280:in `connection'
activerecord (7.0.5) lib/active_record/migration.rb:613:in `connection'
activerecord (7.0.5) lib/active_record/migration.rb:608:in `build_watcher'
activerecord (7.0.5) lib/active_record/migration.rb:590:in `block in call'
activerecord (7.0.5) lib/active_record/migration.rb:589:in `synchronize'
activerecord (7.0.5) lib/active_record/migration.rb:589:in `call'
actionpack (7.0.5) lib/action_dispatch/middleware/callbacks.rb:27:in `block in call'
activesupport (7.0.5) lib/active_support/callbacks.rb:99:in `run_callbacks'
actionpack (7.0.5) lib/action_dispatch/middleware/callbacks.rb:26:in `call'
actionpack (7.0.5) lib/action_dispatch/middleware/executor.rb:14:in `call'
actionpack (7.0.5) lib/action_dispatch/middleware/actionable_exceptions.rb:17:in `call'
actionpack (7.0.5) lib/action_dispatch/middleware/debug_exceptions.rb:28:in `call'
web-console (4.2.0) lib/web_console/middleware.rb:132:in `call_app'
web-console (4.2.0) lib/web_console/middleware.rb:28:in `block in call'
web-console (4.2.0) lib/web_console/middleware.rb:17:in `catch'
web-console (4.2.0) lib/web_console/middleware.rb:17:in `call'
actionpack (7.0.5) lib/action_dispatch/middleware/show_exceptions.rb:26:in `call'
railties (7.0.5) lib/rails/rack/logger.rb:40:in `call_app'
railties (7.0.5) lib/rails/rack/logger.rb:25:in `block in call'
activesupport (7.0.5) lib/active_support/tagged_logging.rb:99:in `block in tagged'
activesupport (7.0.5) lib/active_support/tagged_logging.rb:37:in `tagged'
activesupport (7.0.5) lib/active_support/tagged_logging.rb:99:in `tagged'
railties (7.0.5) lib/rails/rack/logger.rb:25:in `call'
sprockets-rails (3.4.2) lib/sprockets/rails/quiet_assets.rb:13:in `call'
actionpack (7.0.5) lib/action_dispatch/middleware/remote_ip.rb:93:in `call'
actionpack (7.0.5) lib/action_dispatch/middleware/request_id.rb:26:in `call'
rack (2.2.7) lib/rack/method_override.rb:24:in `call'
rack (2.2.7) lib/rack/runtime.rb:22:in `call'
activesupport (7.0.5) lib/active_support/cache/strategy/local_cache_middleware.rb:29:in `call'
actionpack (7.0.5) lib/action_dispatch/middleware/server_timing.rb:61:in `block in call'
actionpack (7.0.5) lib/action_dispatch/middleware/server_timing.rb:26:in `collect_events'
actionpack (7.0.5) lib/action_dispatch/middleware/server_timing.rb:60:in `call'
actionpack (7.0.5) lib/action_dispatch/middleware/executor.rb:14:in `call'
actionpack (7.0.5) lib/action_dispatch/middleware/static.rb:23:in `call'
rack (2.2.7) lib/rack/sendfile.rb:110:in `call'
actionpack (7.0.5) lib/action_dispatch/middleware/host_authorization.rb:137:in `call'
rack-cors (2.0.1) lib/rack/cors.rb:102:in `call'
railties (7.0.5) lib/rails/engine.rb:530:in `call'
puma (5.6.5) lib/puma/configuration.rb:252:in `call'
puma (5.6.5) lib/puma/request.rb:77:in `block in handle_request'
puma (5.6.5) lib/puma/thread_pool.rb:340:in `with_force_shutdown'
puma (5.6.5) lib/puma/request.rb:76:in `handle_request'
puma (5.6.5) lib/puma/server.rb:443:in `process_client'
puma (5.6.5) lib/puma/thread_pool.rb:147:in `block in spawn_thread'
Started GET "/ws" for ::1 at 2023-07-12 09:28:42 -0400
  
ActiveRecord::NoDatabaseError (We could not find your database: poki_tinder_backend_development. Which can be found in the database configuration file located at config/database.yml.

To resolve this issue:

- Did you create the database for this app, or delete it? You may need to create your database.
- Has the database name changed? Check your database.yml config has the correct database name.

To create your database, run:

        bin/rails db:create
):
  
activerecord (7.0.5) lib/active_record/connection_adapters/postgresql_adapter.rb:81:in `rescue in new_client'
activerecord (7.0.5) lib/active_record/connection_adapters/postgresql_adapter.rb:77:in `new_client'
activerecord (7.0.5) lib/active_record/connection_adapters/postgresql_adapter.rb:37:in `postgresql_connection'
activerecord (7.0.5) lib/active_record/connection_adapters/abstract/connection_pool.rb:656:in `public_send'
activerecord (7.0.5) lib/active_record/connection_adapters/abstract/connection_pool.rb:656:in `new_connection'
activerecord (7.0.5) lib/active_record/connection_adapters/abstract/connection_pool.rb:700:in `checkout_new_connection'
activerecord (7.0.5) lib/active_record/connection_adapters/abstract/connection_pool.rb:679:in `try_to_checkout_new_connection'
activerecord (7.0.5) lib/active_record/connection_adapters/abstract/connection_pool.rb:640:in `acquire_connection'
activerecord (7.0.5) lib/active_record/connection_adapters/abstract/connection_pool.rb:341:in `checkout'
activerecord (7.0.5) lib/active_record/connection_adapters/abstract/connection_pool.rb:181:in `connection'
activerecord (7.0.5) lib/active_record/connection_adapters/abstract/connection_handler.rb:211:in `retrieve_connection'
activerecord (7.0.5) lib/active_record/connection_handling.rb:313:in `retrieve_connection'
activerecord (7.0.5) lib/active_record/connection_handling.rb:280:in `connection'
activerecord (7.0.5) lib/active_record/migration.rb:613:in `connection'
activerecord (7.0.5) lib/active_record/migration.rb:608:in `build_watcher'
activerecord (7.0.5) lib/active_record/migration.rb:590:in `block in call'
activerecord (7.0.5) lib/active_record/migration.rb:589:in `synchronize'
activerecord (7.0.5) lib/active_record/migration.rb:589:in `call'
actionpack (7.0.5) lib/action_dispatch/middleware/callbacks.rb:27:in `block in call'
activesupport (7.0.5) lib/active_support/callbacks.rb:99:in `run_callbacks'
actionpack (7.0.5) lib/action_dispatch/middleware/callbacks.rb:26:in `call'
actionpack (7.0.5) lib/action_dispatch/middleware/executor.rb:14:in `call'
actionpack (7.0.5) lib/action_dispatch/middleware/actionable_exceptions.rb:17:in `call'
actionpack (7.0.5) lib/action_dispatch/middleware/debug_exceptions.rb:28:in `call'
web-console (4.2.0) lib/web_console/middleware.rb:132:in `call_app'
web-console (4.2.0) lib/web_console/middleware.rb:28:in `block in call'
web-console (4.2.0) lib/web_console/middleware.rb:17:in `catch'
web-console (4.2.0) lib/web_console/middleware.rb:17:in `call'
actionpack (7.0.5) lib/action_dispatch/middleware/show_exceptions.rb:26:in `call'
railties (7.0.5) lib/rails/rack/logger.rb:40:in `call_app'
railties (7.0.5) lib/rails/rack/logger.rb:25:in `block in call'
activesupport (7.0.5) lib/active_support/tagged_logging.rb:99:in `block in tagged'
activesupport (7.0.5) lib/active_support/tagged_logging.rb:37:in `tagged'
activesupport (7.0.5) lib/active_support/tagged_logging.rb:99:in `tagged'
railties (7.0.5) lib/rails/rack/logger.rb:25:in `call'
sprockets-rails (3.4.2) lib/sprockets/rails/quiet_assets.rb:13:in `call'
actionpack (7.0.5) lib/action_dispatch/middleware/remote_ip.rb:93:in `call'
actionpack (7.0.5) lib/action_dispatch/middleware/request_id.rb:26:in `call'
rack (2.2.7) lib/rack/method_override.rb:24:in `call'
rack (2.2.7) lib/rack/runtime.rb:22:in `call'
activesupport (7.0.5) lib/active_support/cache/strategy/local_cache_middleware.rb:29:in `call'
actionpack (7.0.5) lib/action_dispatch/middleware/server_timing.rb:61:in `block in call'
actionpack (7.0.5) lib/action_dispatch/middleware/server_timing.rb:26:in `collect_events'
actionpack (7.0.5) lib/action_dispatch/middleware/server_timing.rb:60:in `call'
actionpack (7.0.5) lib/action_dispatch/middleware/executor.rb:14:in `call'
actionpack (7.0.5) lib/action_dispatch/middleware/static.rb:23:in `call'
rack (2.2.7) lib/rack/sendfile.rb:110:in `call'
actionpack (7.0.5) lib/action_dispatch/middleware/host_authorization.rb:137:in `call'
rack-cors (2.0.1) lib/rack/cors.rb:102:in `call'
railties (7.0.5) lib/rails/engine.rb:530:in `call'
puma (5.6.5) lib/puma/configuration.rb:252:in `call'
puma (5.6.5) lib/puma/request.rb:77:in `block in handle_request'
puma (5.6.5) lib/puma/thread_pool.rb:340:in `with_force_shutdown'
puma (5.6.5) lib/puma/request.rb:76:in `handle_request'
puma (5.6.5) lib/puma/server.rb:443:in `process_client'
puma (5.6.5) lib/puma/thread_pool.rb:147:in `block in spawn_thread'
Started GET "/ws" for ::1 at 2023-07-12 09:28:46 -0400
  
ActiveRecord::NoDatabaseError (We could not find your database: poki_tinder_backend_development. Which can be found in the database configuration file located at config/database.yml.

To resolve this issue:

- Did you create the database for this app, or delete it? You may need to create your database.
- Has the database name changed? Check your database.yml config has the correct database name.

To create your database, run:

        bin/rails db:create
):
  
activerecord (7.0.5) lib/active_record/connection_adapters/postgresql_adapter.rb:81:in `rescue in new_client'
activerecord (7.0.5) lib/active_record/connection_adapters/postgresql_adapter.rb:77:in `new_client'
activerecord (7.0.5) lib/active_record/connection_adapters/postgresql_adapter.rb:37:in `postgresql_connection'
activerecord (7.0.5) lib/active_record/connection_adapters/abstract/connection_pool.rb:656:in `public_send'
activerecord (7.0.5) lib/active_record/connection_adapters/abstract/connection_pool.rb:656:in `new_connection'
activerecord (7.0.5) lib/active_record/connection_adapters/abstract/connection_pool.rb:700:in `checkout_new_connection'
activerecord (7.0.5) lib/active_record/connection_adapters/abstract/connection_pool.rb:679:in `try_to_checkout_new_connection'
activerecord (7.0.5) lib/active_record/connection_adapters/abstract/connection_pool.rb:640:in `acquire_connection'
activerecord (7.0.5) lib/active_record/connection_adapters/abstract/connection_pool.rb:341:in `checkout'
activerecord (7.0.5) lib/active_record/connection_adapters/abstract/connection_pool.rb:181:in `connection'
activerecord (7.0.5) lib/active_record/connection_adapters/abstract/connection_handler.rb:211:in `retrieve_connection'
activerecord (7.0.5) lib/active_record/connection_handling.rb:313:in `retrieve_connection'
activerecord (7.0.5) lib/active_record/connection_handling.rb:280:in `connection'
activerecord (7.0.5) lib/active_record/migration.rb:613:in `connection'
activerecord (7.0.5) lib/active_record/migration.rb:608:in `build_watcher'
activerecord (7.0.5) lib/active_record/migration.rb:590:in `block in call'
activerecord (7.0.5) lib/active_record/migration.rb:589:in `synchronize'
activerecord (7.0.5) lib/active_record/migration.rb:589:in `call'
actionpack (7.0.5) lib/action_dispatch/middleware/callbacks.rb:27:in `block in call'
activesupport (7.0.5) lib/active_support/callbacks.rb:99:in `run_callbacks'
actionpack (7.0.5) lib/action_dispatch/middleware/callbacks.rb:26:in `call'
actionpack (7.0.5) lib/action_dispatch/middleware/executor.rb:14:in `call'
actionpack (7.0.5) lib/action_dispatch/middleware/actionable_exceptions.rb:17:in `call'
actionpack (7.0.5) lib/action_dispatch/middleware/debug_exceptions.rb:28:in `call'
web-console (4.2.0) lib/web_console/middleware.rb:132:in `call_app'
web-console (4.2.0) lib/web_console/middleware.rb:28:in `block in call'
web-console (4.2.0) lib/web_console/middleware.rb:17:in `catch'
web-console (4.2.0) lib/web_console/middleware.rb:17:in `call'
actionpack (7.0.5) lib/action_dispatch/middleware/show_exceptions.rb:26:in `call'
railties (7.0.5) lib/rails/rack/logger.rb:40:in `call_app'
railties (7.0.5) lib/rails/rack/logger.rb:25:in `block in call'
activesupport (7.0.5) lib/active_support/tagged_logging.rb:99:in `block in tagged'
activesupport (7.0.5) lib/active_support/tagged_logging.rb:37:in `tagged'
activesupport (7.0.5) lib/active_support/tagged_logging.rb:99:in `tagged'
railties (7.0.5) lib/rails/rack/logger.rb:25:in `call'
sprockets-rails (3.4.2) lib/sprockets/rails/quiet_assets.rb:13:in `call'
actionpack (7.0.5) lib/action_dispatch/middleware/remote_ip.rb:93:in `call'
actionpack (7.0.5) lib/action_dispatch/middleware/request_id.rb:26:in `call'
rack (2.2.7) lib/rack/method_override.rb:24:in `call'
rack (2.2.7) lib/rack/runtime.rb:22:in `call'
activesupport (7.0.5) lib/active_support/cache/strategy/local_cache_middleware.rb:29:in `call'
actionpack (7.0.5) lib/action_dispatch/middleware/server_timing.rb:61:in `block in call'
actionpack (7.0.5) lib/action_dispatch/middleware/server_timing.rb:26:in `collect_events'
actionpack (7.0.5) lib/action_dispatch/middleware/server_timing.rb:60:in `call'
actionpack (7.0.5) lib/action_dispatch/middleware/executor.rb:14:in `call'
actionpack (7.0.5) lib/action_dispatch/middleware/static.rb:23:in `call'
rack (2.2.7) lib/rack/sendfile.rb:110:in `call'
actionpack (7.0.5) lib/action_dispatch/middleware/host_authorization.rb:137:in `call'
rack-cors (2.0.1) lib/rack/cors.rb:102:in `call'
railties (7.0.5) lib/rails/engine.rb:530:in `call'
puma (5.6.5) lib/puma/configuration.rb:252:in `call'
puma (5.6.5) lib/puma/request.rb:77:in `block in handle_request'
puma (5.6.5) lib/puma/thread_pool.rb:340:in `with_force_shutdown'
puma (5.6.5) lib/puma/request.rb:76:in `handle_request'
puma (5.6.5) lib/puma/server.rb:443:in `process_client'
puma (5.6.5) lib/puma/thread_pool.rb:147:in `block in spawn_thread'
Started GET "/ws" for ::1 at 2023-07-12 09:28:55 -0400
  
ActiveRecord::NoDatabaseError (We could not find your database: poki_tinder_backend_development. Which can be found in the database configuration file located at config/database.yml.

To resolve this issue:

- Did you create the database for this app, or delete it? You may need to create your database.
- Has the database name changed? Check your database.yml config has the correct database name.

To create your database, run:

        bin/rails db:create
):
  
activerecord (7.0.5) lib/active_record/connection_adapters/postgresql_adapter.rb:81:in `rescue in new_client'
activerecord (7.0.5) lib/active_record/connection_adapters/postgresql_adapter.rb:77:in `new_client'
activerecord (7.0.5) lib/active_record/connection_adapters/postgresql_adapter.rb:37:in `postgresql_connection'
activerecord (7.0.5) lib/active_record/connection_adapters/abstract/connection_pool.rb:656:in `public_send'
activerecord (7.0.5) lib/active_record/connection_adapters/abstract/connection_pool.rb:656:in `new_connection'
activerecord (7.0.5) lib/active_record/connection_adapters/abstract/connection_pool.rb:700:in `checkout_new_connection'
activerecord (7.0.5) lib/active_record/connection_adapters/abstract/connection_pool.rb:679:in `try_to_checkout_new_connection'
activerecord (7.0.5) lib/active_record/connection_adapters/abstract/connection_pool.rb:640:in `acquire_connection'
activerecord (7.0.5) lib/active_record/connection_adapters/abstract/connection_pool.rb:341:in `checkout'
activerecord (7.0.5) lib/active_record/connection_adapters/abstract/connection_pool.rb:181:in `connection'
activerecord (7.0.5) lib/active_record/connection_adapters/abstract/connection_handler.rb:211:in `retrieve_connection'
activerecord (7.0.5) lib/active_record/connection_handling.rb:313:in `retrieve_connection'
activerecord (7.0.5) lib/active_record/connection_handling.rb:280:in `connection'
activerecord (7.0.5) lib/active_record/migration.rb:613:in `connection'
activerecord (7.0.5) lib/active_record/migration.rb:608:in `build_watcher'
activerecord (7.0.5) lib/active_record/migration.rb:590:in `block in call'
activerecord (7.0.5) lib/active_record/migration.rb:589:in `synchronize'
activerecord (7.0.5) lib/active_record/migration.rb:589:in `call'
actionpack (7.0.5) lib/action_dispatch/middleware/callbacks.rb:27:in `block in call'
activesupport (7.0.5) lib/active_support/callbacks.rb:99:in `run_callbacks'
actionpack (7.0.5) lib/action_dispatch/middleware/callbacks.rb:26:in `call'
actionpack (7.0.5) lib/action_dispatch/middleware/executor.rb:14:in `call'
actionpack (7.0.5) lib/action_dispatch/middleware/actionable_exceptions.rb:17:in `call'
actionpack (7.0.5) lib/action_dispatch/middleware/debug_exceptions.rb:28:in `call'
web-console (4.2.0) lib/web_console/middleware.rb:132:in `call_app'
web-console (4.2.0) lib/web_console/middleware.rb:28:in `block in call'
web-console (4.2.0) lib/web_console/middleware.rb:17:in `catch'
web-console (4.2.0) lib/web_console/middleware.rb:17:in `call'
actionpack (7.0.5) lib/action_dispatch/middleware/show_exceptions.rb:26:in `call'
railties (7.0.5) lib/rails/rack/logger.rb:40:in `call_app'
railties (7.0.5) lib/rails/rack/logger.rb:25:in `block in call'
activesupport (7.0.5) lib/active_support/tagged_logging.rb:99:in `block in tagged'
activesupport (7.0.5) lib/active_support/tagged_logging.rb:37:in `tagged'
activesupport (7.0.5) lib/active_support/tagged_logging.rb:99:in `tagged'
railties (7.0.5) lib/rails/rack/logger.rb:25:in `call'
sprockets-rails (3.4.2) lib/sprockets/rails/quiet_assets.rb:13:in `call'
actionpack (7.0.5) lib/action_dispatch/middleware/remote_ip.rb:93:in `call'
actionpack (7.0.5) lib/action_dispatch/middleware/request_id.rb:26:in `call'
rack (2.2.7) lib/rack/method_override.rb:24:in `call'
rack (2.2.7) lib/rack/runtime.rb:22:in `call'
activesupport (7.0.5) lib/active_support/cache/strategy/local_cache_middleware.rb:29:in `call'
actionpack (7.0.5) lib/action_dispatch/middleware/server_timing.rb:61:in `block in call'
actionpack (7.0.5) lib/action_dispatch/middleware/server_timing.rb:26:in `collect_events'
actionpack (7.0.5) lib/action_dispatch/middleware/server_timing.rb:60:in `call'
actionpack (7.0.5) lib/action_dispatch/middleware/executor.rb:14:in `call'
actionpack (7.0.5) lib/action_dispatch/middleware/static.rb:23:in `call'
rack (2.2.7) lib/rack/sendfile.rb:110:in `call'
actionpack (7.0.5) lib/action_dispatch/middleware/host_authorization.rb:137:in `call'
rack-cors (2.0.1) lib/rack/cors.rb:102:in `call'
railties (7.0.5) lib/rails/engine.rb:530:in `call'
puma (5.6.5) lib/puma/configuration.rb:252:in `call'
puma (5.6.5) lib/puma/request.rb:77:in `block in handle_request'
puma (5.6.5) lib/puma/thread_pool.rb:340:in `with_force_shutdown'
puma (5.6.5) lib/puma/request.rb:76:in `handle_request'
puma (5.6.5) lib/puma/server.rb:443:in `process_client'
puma (5.6.5) lib/puma/thread_pool.rb:147:in `block in spawn_thread'
Started GET "/ws" for ::1 at 2023-07-12 09:29:11 -0400
  
ActiveRecord::NoDatabaseError (We could not find your database: poki_tinder_backend_development. Which can be found in the database configuration file located at config/database.yml.

To resolve this issue:

- Did you create the database for this app, or delete it? You may need to create your database.
- Has the database name changed? Check your database.yml config has the correct database name.

To create your database, run:

        bin/rails db:create
):
  
activerecord (7.0.5) lib/active_record/connection_adapters/postgresql_adapter.rb:81:in `rescue in new_client'
activerecord (7.0.5) lib/active_record/connection_adapters/postgresql_adapter.rb:77:in `new_client'
activerecord (7.0.5) lib/active_record/connection_adapters/postgresql_adapter.rb:37:in `postgresql_connection'
activerecord (7.0.5) lib/active_record/connection_adapters/abstract/connection_pool.rb:656:in `public_send'
activerecord (7.0.5) lib/active_record/connection_adapters/abstract/connection_pool.rb:656:in `new_connection'
activerecord (7.0.5) lib/active_record/connection_adapters/abstract/connection_pool.rb:700:in `checkout_new_connection'
activerecord (7.0.5) lib/active_record/connection_adapters/abstract/connection_pool.rb:679:in `try_to_checkout_new_connection'
activerecord (7.0.5) lib/active_record/connection_adapters/abstract/connection_pool.rb:640:in `acquire_connection'
activerecord (7.0.5) lib/active_record/connection_adapters/abstract/connection_pool.rb:341:in `checkout'
activerecord (7.0.5) lib/active_record/connection_adapters/abstract/connection_pool.rb:181:in `connection'
activerecord (7.0.5) lib/active_record/connection_adapters/abstract/connection_handler.rb:211:in `retrieve_connection'
activerecord (7.0.5) lib/active_record/connection_handling.rb:313:in `retrieve_connection'
activerecord (7.0.5) lib/active_record/connection_handling.rb:280:in `connection'
activerecord (7.0.5) lib/active_record/migration.rb:613:in `connection'
activerecord (7.0.5) lib/active_record/migration.rb:608:in `build_watcher'
activerecord (7.0.5) lib/active_record/migration.rb:590:in `block in call'
activerecord (7.0.5) lib/active_record/migration.rb:589:in `synchronize'
activerecord (7.0.5) lib/active_record/migration.rb:589:in `call'
actionpack (7.0.5) lib/action_dispatch/middleware/callbacks.rb:27:in `block in call'
activesupport (7.0.5) lib/active_support/callbacks.rb:99:in `run_callbacks'
actionpack (7.0.5) lib/action_dispatch/middleware/callbacks.rb:26:in `call'
actionpack (7.0.5) lib/action_dispatch/middleware/executor.rb:14:in `call'
actionpack (7.0.5) lib/action_dispatch/middleware/actionable_exceptions.rb:17:in `call'
actionpack (7.0.5) lib/action_dispatch/middleware/debug_exceptions.rb:28:in `call'
web-console (4.2.0) lib/web_console/middleware.rb:132:in `call_app'
web-console (4.2.0) lib/web_console/middleware.rb:28:in `block in call'
web-console (4.2.0) lib/web_console/middleware.rb:17:in `catch'
web-console (4.2.0) lib/web_console/middleware.rb:17:in `call'
actionpack (7.0.5) lib/action_dispatch/middleware/show_exceptions.rb:26:in `call'
railties (7.0.5) lib/rails/rack/logger.rb:40:in `call_app'
railties (7.0.5) lib/rails/rack/logger.rb:25:in `block in call'
activesupport (7.0.5) lib/active_support/tagged_logging.rb:99:in `block in tagged'
activesupport (7.0.5) lib/active_support/tagged_logging.rb:37:in `tagged'
activesupport (7.0.5) lib/active_support/tagged_logging.rb:99:in `tagged'
railties (7.0.5) lib/rails/rack/logger.rb:25:in `call'
sprockets-rails (3.4.2) lib/sprockets/rails/quiet_assets.rb:13:in `call'
actionpack (7.0.5) lib/action_dispatch/middleware/remote_ip.rb:93:in `call'
actionpack (7.0.5) lib/action_dispatch/middleware/request_id.rb:26:in `call'
rack (2.2.7) lib/rack/method_override.rb:24:in `call'
rack (2.2.7) lib/rack/runtime.rb:22:in `call'
activesupport (7.0.5) lib/active_support/cache/strategy/local_cache_middleware.rb:29:in `call'
actionpack (7.0.5) lib/action_dispatch/middleware/server_timing.rb:61:in `block in call'
actionpack (7.0.5) lib/action_dispatch/middleware/server_timing.rb:26:in `collect_events'
actionpack (7.0.5) lib/action_dispatch/middleware/server_timing.rb:60:in `call'
actionpack (7.0.5) lib/action_dispatch/middleware/executor.rb:14:in `call'
actionpack (7.0.5) lib/action_dispatch/middleware/static.rb:23:in `call'
rack (2.2.7) lib/rack/sendfile.rb:110:in `call'
actionpack (7.0.5) lib/action_dispatch/middleware/host_authorization.rb:137:in `call'
rack-cors (2.0.1) lib/rack/cors.rb:102:in `call'
railties (7.0.5) lib/rails/engine.rb:530:in `call'
puma (5.6.5) lib/puma/configuration.rb:252:in `call'
puma (5.6.5) lib/puma/request.rb:77:in `block in handle_request'
puma (5.6.5) lib/puma/thread_pool.rb:340:in `with_force_shutdown'
puma (5.6.5) lib/puma/request.rb:76:in `handle_request'
puma (5.6.5) lib/puma/server.rb:443:in `process_client'
puma (5.6.5) lib/puma/thread_pool.rb:147:in `block in spawn_thread'
  [1m[35m (208.1ms)[0m  [1m[35mCREATE DATABASE "poki_tinder_backend_development" ENCODING = 'unicode'[0m
  [1m[35m (51.5ms)[0m  [1m[35mCREATE DATABASE "poki_tinder_backend_test" ENCODING = 'unicode'[0m
  [1m[35m (18.6ms)[0m  [1m[35mCREATE TABLE "schema_migrations" ("version" character varying NOT NULL PRIMARY KEY)[0m
  [1m[35m (3.7ms)[0m  [1m[35mCREATE TABLE "ar_internal_metadata" ("key" character varying NOT NULL PRIMARY KEY, "value" character varying, "created_at" timestamp(6) NOT NULL, "updated_at" timestamp(6) NOT NULL)[0m
  [1m[35m (0.3ms)[0m  [1m[34mSELECT pg_try_advisory_lock(2025773816469472230)[0m
  [1m[36mActiveRecord::SchemaMigration Pluck (0.6ms)[0m  [1m[34mSELECT "schema_migrations"."version" FROM "schema_migrations" ORDER BY "schema_migrations"."version" ASC[0m
Migrating to CreatePokemons (20230605222849)
  [1m[36mTRANSACTION (0.1ms)[0m  [1m[35mBEGIN[0m
  [1m[35m (5.0ms)[0m  [1m[35mCREATE TABLE "pokemons" ("id" bigserial primary key, "name" character varying, "species" character varying, "size" decimal, "sound" character varying, "image" text, "created_at" timestamp(6) NOT NULL, "updated_at" timestamp(6) NOT NULL)[0m
  [1m[36mActiveRecord::SchemaMigration Create (0.5ms)[0m  [1m[32mINSERT INTO "schema_migrations" ("version") VALUES ($1) RETURNING "version"[0m  [["version", "20230605222849"]]
  [1m[36mTRANSACTION (0.2ms)[0m  [1m[35mCOMMIT[0m
Migrating to AddTypeToPokemons (20230605224809)
  [1m[36mTRANSACTION (0.3ms)[0m  [1m[35mBEGIN[0m
  [1m[35m (0.7ms)[0m  [1m[35mALTER TABLE "pokemons" ADD "type" character varying[0m
  [1m[36mActiveRecord::SchemaMigration Create (0.2ms)[0m  [1m[32mINSERT INTO "schema_migrations" ("version") VALUES ($1) RETURNING "version"[0m  [["version", "20230605224809"]]
  [1m[36mTRANSACTION (0.2ms)[0m  [1m[35mCOMMIT[0m
Migrating to AddPokemonTypeToPokemons (20230605232455)
  [1m[36mTRANSACTION (0.1ms)[0m  [1m[35mBEGIN[0m
  [1m[35m (0.2ms)[0m  [1m[35mALTER TABLE "pokemons" RENAME COLUMN "type" TO "pokemon_type"[0m
  [1m[36mActiveRecord::SchemaMigration Create (0.2ms)[0m  [1m[32mINSERT INTO "schema_migrations" ("version") VALUES ($1) RETURNING "version"[0m  [["version", "20230605232455"]]
  [1m[36mTRANSACTION (0.2ms)[0m  [1m[35mCOMMIT[0m
  [1m[36mActiveRecord::InternalMetadata Load (0.4ms)[0m  [1m[34mSELECT "ar_internal_metadata".* FROM "ar_internal_metadata" WHERE "ar_internal_metadata"."key" = $1 LIMIT $2[0m  [["key", "environment"], ["LIMIT", 1]]
  [1m[36mTRANSACTION (0.1ms)[0m  [1m[35mBEGIN[0m
  [1m[36mActiveRecord::InternalMetadata Create (1.0ms)[0m  [1m[32mINSERT INTO "ar_internal_metadata" ("key", "value", "created_at", "updated_at") VALUES ($1, $2, $3, $4) RETURNING "key"[0m  [["key", "environment"], ["value", "development"], ["created_at", "2023-07-12 13:29:31.977436"], ["updated_at", "2023-07-12 13:29:31.977436"]]
  [1m[36mTRANSACTION (0.2ms)[0m  [1m[35mCOMMIT[0m
  [1m[35m (0.2ms)[0m  [1m[34mSELECT pg_advisory_unlock(2025773816469472230)[0m
  [1m[36mActiveRecord::SchemaMigration Pluck (0.7ms)[0m  [1m[34mSELECT "schema_migrations"."version" FROM "schema_migrations" ORDER BY "schema_migrations"."version" ASC[0m
  [1m[36mActiveRecord::SchemaMigration Pluck (0.8ms)[0m  [1m[34mSELECT "schema_migrations"."version" FROM "schema_migrations" ORDER BY "schema_migrations"."version" ASC[0m
  [1m[36mTRANSACTION (0.1ms)[0m  [1m[35mBEGIN[0m
  [1m[36mPokemon Create (1.1ms)[0m  [1m[32mINSERT INTO "pokemons" ("name", "species", "size", "sound", "image", "created_at", "updated_at", "pokemon_type") VALUES ($1, $2, $3, $4, $5, $6, $7, $8) RETURNING "id"[0m  [["name", "Charmander"], ["species", "lizard"], ["size", "0.6"], ["sound", "char"], ["image", "https://freepngimg.com/convert-png/117725-charmander-free-hd-image"], ["created_at", "2023-07-12 13:29:36.467935"], ["updated_at", "2023-07-12 13:29:36.467935"], ["pokemon_type", "fire"]]
  [1m[36mTRANSACTION (0.4ms)[0m  [1m[35mCOMMIT[0m
  [1m[36mTRANSACTION (0.1ms)[0m  [1m[35mBEGIN[0m
  [1m[36mPokemon Create (0.3ms)[0m  [1m[32mINSERT INTO "pokemons" ("name", "species", "size", "sound", "image", "created_at", "updated_at", "pokemon_type") VALUES ($1, $2, $3, $4, $5, $6, $7, $8) RETURNING "id"[0m  [["name", "Flareon"], ["species", "flame"], ["size", "0.9"], ["sound", "flarr"], ["image", "https://e7.pngegg.com/pngimages/519/282/png-clipart-pokemon-flareon-flareon-pokemon-games-pokemon-thumbnail.png"], ["created_at", "2023-07-12 13:29:36.471576"], ["updated_at", "2023-07-12 13:29:36.471576"], ["pokemon_type", "fire"]]
  [1m[36mTRANSACTION (0.2ms)[0m  [1m[35mCOMMIT[0m
  [1m[36mTRANSACTION (0.1ms)[0m  [1m[35mBEGIN[0m
  [1m[36mPokemon Create (0.2ms)[0m  [1m[32mINSERT INTO "pokemons" ("name", "species", "size", "sound", "image", "created_at", "updated_at", "pokemon_type") VALUES ($1, $2, $3, $4, $5, $6, $7, $8) RETURNING "id"[0m  [["name", "Snorlax"], ["species", "sleeping pokemon"], ["size", "2.1"], ["sound", "snore"], ["image", "https://shorturl.at/bzGTV"], ["created_at", "2023-07-12 13:29:36.473125"], ["updated_at", "2023-07-12 13:29:36.473125"], ["pokemon_type", "normal"]]
  [1m[36mTRANSACTION (0.3ms)[0m  [1m[35mCOMMIT[0m
Started GET "/ws" for ::1 at 2023-07-12 09:29:43 -0400
  [1m[36mActiveRecord::SchemaMigration Pluck (0.7ms)[0m  [1m[34mSELECT "schema_migrations"."version" FROM "schema_migrations" ORDER BY "schema_migrations"."version" ASC[0m
  
ActionController::RoutingError (No route matches [GET] "/ws"):
  
Started GET "/pokemons" for ::1 at 2023-07-12 09:29:50 -0400
Processing by PokemonsController#index as */*
  [1m[36mPokemon Load (3.6ms)[0m  [1m[34mSELECT "pokemons".* FROM "pokemons"[0m
  ↳ app/controllers/pokemons_controller.rb:5:in `index'
Completed 200 OK in 49ms (Views: 10.8ms | ActiveRecord: 22.3ms | Allocations: 10362)


Started GET "/pokemons" for ::1 at 2023-07-12 09:29:50 -0400
Processing by PokemonsController#index as */*
  [1m[36mPokemon Load (0.2ms)[0m  [1m[34mSELECT "pokemons".* FROM "pokemons"[0m
  ↳ app/controllers/pokemons_controller.rb:5:in `index'
Completed 200 OK in 2ms (Views: 1.1ms | ActiveRecord: 0.2ms | Allocations: 1166)


Started GET "/pokemons" for ::1 at 2023-07-12 09:29:58 -0400
Processing by PokemonsController#index as */*
  [1m[36mPokemon Load (0.2ms)[0m  [1m[34mSELECT "pokemons".* FROM "pokemons"[0m
  ↳ app/controllers/pokemons_controller.rb:5:in `index'
Completed 200 OK in 3ms (Views: 2.3ms | ActiveRecord: 0.2ms | Allocations: 1177)


Started GET "/pokemons" for ::1 at 2023-07-12 09:29:58 -0400
Processing by PokemonsController#index as */*
  [1m[36mPokemon Load (0.3ms)[0m  [1m[34mSELECT "pokemons".* FROM "pokemons"[0m
  ↳ app/controllers/pokemons_controller.rb:5:in `index'
Completed 200 OK in 3ms (Views: 2.4ms | ActiveRecord: 0.3ms | Allocations: 1166)


Started GET "/pokemons" for ::1 at 2023-07-12 09:30:19 -0400
Processing by PokemonsController#index as */*
  [1m[36mPokemon Load (0.3ms)[0m  [1m[34mSELECT "pokemons".* FROM "pokemons"[0m
  ↳ app/controllers/pokemons_controller.rb:5:in `index'
Completed 200 OK in 3ms (Views: 2.1ms | ActiveRecord: 0.3ms | Allocations: 1177)


Started GET "/pokemons" for ::1 at 2023-07-12 09:30:19 -0400
Processing by PokemonsController#index as */*
  [1m[36mPokemon Load (0.2ms)[0m  [1m[34mSELECT "pokemons".* FROM "pokemons"[0m
  ↳ app/controllers/pokemons_controller.rb:5:in `index'
Completed 200 OK in 3ms (Views: 2.0ms | ActiveRecord: 0.2ms | Allocations: 1166)


Started GET "/pokemons" for ::1 at 2023-07-12 09:30:23 -0400
Processing by PokemonsController#index as */*
  [1m[36mPokemon Load (0.2ms)[0m  [1m[34mSELECT "pokemons".* FROM "pokemons"[0m
  ↳ app/controllers/pokemons_controller.rb:5:in `index'
Completed 200 OK in 3ms (Views: 2.1ms | ActiveRecord: 0.2ms | Allocations: 1166)


Started GET "/pokemons" for ::1 at 2023-07-12 09:30:23 -0400
Processing by PokemonsController#index as */*
  [1m[36mPokemon Load (0.3ms)[0m  [1m[34mSELECT "pokemons".* FROM "pokemons"[0m
  ↳ app/controllers/pokemons_controller.rb:5:in `index'
Completed 200 OK in 3ms (Views: 1.9ms | ActiveRecord: 0.3ms | Allocations: 1166)


Started GET "/pokemons" for ::1 at 2023-07-12 09:30:29 -0400
Processing by PokemonsController#index as */*
  [1m[36mPokemon Load (0.2ms)[0m  [1m[34mSELECT "pokemons".* FROM "pokemons"[0m
  ↳ app/controllers/pokemons_controller.rb:5:in `index'
Completed 200 OK in 3ms (Views: 2.0ms | ActiveRecord: 0.2ms | Allocations: 1177)


Started GET "/pokemons" for ::1 at 2023-07-12 09:30:29 -0400
Processing by PokemonsController#index as */*
  [1m[36mPokemon Load (0.2ms)[0m  [1m[34mSELECT "pokemons".* FROM "pokemons"[0m
  ↳ app/controllers/pokemons_controller.rb:5:in `index'
Completed 200 OK in 7ms (Views: 6.7ms | ActiveRecord: 0.2ms | Allocations: 1168)


Started GET "/pokemons" for ::1 at 2023-07-12 09:30:48 -0400
Processing by PokemonsController#index as */*
  [1m[36mPokemon Load (0.4ms)[0m  [1m[34mSELECT "pokemons".* FROM "pokemons"[0m
  ↳ app/controllers/pokemons_controller.rb:5:in `index'
Completed 200 OK in 4ms (Views: 3.3ms | ActiveRecord: 0.4ms | Allocations: 1167)


Started GET "/pokemons" for ::1 at 2023-07-12 09:30:48 -0400
Processing by PokemonsController#index as */*
  [1m[36mPokemon Load (0.3ms)[0m  [1m[34mSELECT "pokemons".* FROM "pokemons"[0m
  ↳ app/controllers/pokemons_controller.rb:5:in `index'
Completed 200 OK in 2ms (Views: 1.8ms | ActiveRecord: 0.2ms | Allocations: 1167)


Started GET "/pokemons" for ::1 at 2023-07-12 09:30:48 -0400
Processing by PokemonsController#index as */*
  [1m[36mPokemon Load (0.2ms)[0m  [1m[34mSELECT "pokemons".* FROM "pokemons"[0m
  ↳ app/controllers/pokemons_controller.rb:5:in `index'
Completed 200 OK in 3ms (Views: 1.9ms | ActiveRecord: 0.2ms | Allocations: 1167)


Started GET "/pokemons" for ::1 at 2023-07-12 09:30:48 -0400
Processing by PokemonsController#index as */*
  [1m[36mPokemon Load (0.2ms)[0m  [1m[34mSELECT "pokemons".* FROM "pokemons"[0m
  ↳ app/controllers/pokemons_controller.rb:5:in `index'
Completed 200 OK in 3ms (Views: 2.0ms | ActiveRecord: 0.2ms | Allocations: 1167)


Started GET "/pokemons" for ::1 at 2023-07-12 09:30:48 -0400
Processing by PokemonsController#index as */*
  [1m[36mPokemon Load (0.3ms)[0m  [1m[34mSELECT "pokemons".* FROM "pokemons"[0m
  ↳ app/controllers/pokemons_controller.rb:5:in `index'
Completed 200 OK in 3ms (Views: 2.6ms | ActiveRecord: 0.3ms | Allocations: 1168)


Started GET "/pokemons" for ::1 at 2023-07-12 09:30:48 -0400
Processing by PokemonsController#index as */*
  [1m[36mPokemon Load (0.2ms)[0m  [1m[34mSELECT "pokemons".* FROM "pokemons"[0m
  ↳ app/controllers/pokemons_controller.rb:5:in `index'
Completed 200 OK in 2ms (Views: 1.7ms | ActiveRecord: 0.2ms | Allocations: 1167)


Started GET "/pokemons" for ::1 at 2023-07-12 09:30:49 -0400
Processing by PokemonsController#index as */*
  [1m[36mPokemon Load (0.3ms)[0m  [1m[34mSELECT "pokemons".* FROM "pokemons"[0m
  ↳ app/controllers/pokemons_controller.rb:5:in `index'
Completed 200 OK in 3ms (Views: 2.5ms | ActiveRecord: 0.3ms | Allocations: 1167)


Started GET "/pokemons" for ::1 at 2023-07-12 09:30:49 -0400
Processing by PokemonsController#index as */*
  [1m[36mPokemon Load (0.2ms)[0m  [1m[34mSELECT "pokemons".* FROM "pokemons"[0m
  ↳ app/controllers/pokemons_controller.rb:5:in `index'
Completed 200 OK in 3ms (Views: 1.9ms | ActiveRecord: 0.2ms | Allocations: 1167)


Started GET "/pokemons" for ::1 at 2023-07-12 09:30:49 -0400
Processing by PokemonsController#index as */*
  [1m[36mPokemon Load (0.2ms)[0m  [1m[34mSELECT "pokemons".* FROM "pokemons"[0m
  ↳ app/controllers/pokemons_controller.rb:5:in `index'
Completed 200 OK in 3ms (Views: 1.9ms | ActiveRecord: 0.2ms | Allocations: 1167)


Started GET "/pokemons" for ::1 at 2023-07-12 09:30:49 -0400
Processing by PokemonsController#index as */*
  [1m[36mPokemon Load (0.2ms)[0m  [1m[34mSELECT "pokemons".* FROM "pokemons"[0m
  ↳ app/controllers/pokemons_controller.rb:5:in `index'
Completed 200 OK in 2ms (Views: 1.3ms | ActiveRecord: 0.2ms | Allocations: 1167)


Started GET "/pokemons" for ::1 at 2023-07-12 09:33:13 -0400
Processing by PokemonsController#index as */*
  [1m[36mPokemon Load (0.4ms)[0m  [1m[34mSELECT "pokemons".* FROM "pokemons"[0m
  ↳ app/controllers/pokemons_controller.rb:5:in `index'
Completed 200 OK in 5ms (Views: 4.1ms | ActiveRecord: 0.4ms | Allocations: 1167)


Started GET "/pokemons" for ::1 at 2023-07-12 09:33:13 -0400
Processing by PokemonsController#index as */*
  [1m[36mPokemon Load (0.3ms)[0m  [1m[34mSELECT "pokemons".* FROM "pokemons"[0m
  ↳ app/controllers/pokemons_controller.rb:5:in `index'
Completed 200 OK in 2ms (Views: 1.3ms | ActiveRecord: 0.3ms | Allocations: 1167)


Started GET "/pokemons" for ::1 at 2023-07-12 09:36:16 -0400
Processing by PokemonsController#index as */*
  [1m[36mPokemon Load (0.5ms)[0m  [1m[34mSELECT "pokemons".* FROM "pokemons"[0m
  ↳ app/controllers/pokemons_controller.rb:5:in `index'
Completed 200 OK in 6ms (Views: 4.2ms | ActiveRecord: 0.5ms | Allocations: 1167)


Started GET "/pokemons" for ::1 at 2023-07-12 09:36:16 -0400
Processing by PokemonsController#index as */*
  [1m[36mPokemon Load (0.5ms)[0m  [1m[34mSELECT "pokemons".* FROM "pokemons"[0m
  ↳ app/controllers/pokemons_controller.rb:5:in `index'
Completed 200 OK in 3ms (Views: 1.8ms | ActiveRecord: 0.5ms | Allocations: 1167)


Started GET "/pokemons" for ::1 at 2023-07-12 09:36:16 -0400
Processing by PokemonsController#index as */*
  [1m[36mPokemon Load (0.7ms)[0m  [1m[34mSELECT "pokemons".* FROM "pokemons"[0m
  ↳ app/controllers/pokemons_controller.rb:5:in `index'
Completed 200 OK in 4ms (Views: 2.7ms | ActiveRecord: 0.7ms | Allocations: 1167)


Started GET "/pokemons" for ::1 at 2023-07-12 09:36:16 -0400
Processing by PokemonsController#index as */*
  [1m[36mPokemon Load (0.2ms)[0m  [1m[34mSELECT "pokemons".* FROM "pokemons"[0m
  ↳ app/controllers/pokemons_controller.rb:5:in `index'
Completed 200 OK in 3ms (Views: 2.4ms | ActiveRecord: 0.2ms | Allocations: 1167)


Started GET "/pokemons" for ::1 at 2023-07-12 09:36:16 -0400
Processing by PokemonsController#index as */*
  [1m[36mPokemon Load (0.2ms)[0m  [1m[34mSELECT "pokemons".* FROM "pokemons"[0m
  ↳ app/controllers/pokemons_controller.rb:5:in `index'
Completed 200 OK in 2ms (Views: 1.1ms | ActiveRecord: 0.2ms | Allocations: 1167)


Started GET "/pokemons" for ::1 at 2023-07-12 09:36:17 -0400
Processing by PokemonsController#index as */*
  [1m[36mPokemon Load (0.2ms)[0m  [1m[34mSELECT "pokemons".* FROM "pokemons"[0m
  ↳ app/controllers/pokemons_controller.rb:5:in `index'
Completed 200 OK in 2ms (Views: 1.7ms | ActiveRecord: 0.2ms | Allocations: 1167)


Started GET "/pokemons" for ::1 at 2023-07-12 09:36:17 -0400
Processing by PokemonsController#index as */*
  [1m[36mPokemon Load (0.3ms)[0m  [1m[34mSELECT "pokemons".* FROM "pokemons"[0m
  ↳ app/controllers/pokemons_controller.rb:5:in `index'
Completed 200 OK in 3ms (Views: 2.2ms | ActiveRecord: 0.3ms | Allocations: 1167)


Started GET "/pokemons" for ::1 at 2023-07-12 09:38:04 -0400
Processing by PokemonsController#index as */*
  [1m[36mPokemon Load (0.9ms)[0m  [1m[34mSELECT "pokemons".* FROM "pokemons"[0m
  ↳ app/controllers/pokemons_controller.rb:5:in `index'
Completed 200 OK in 8ms (Views: 6.0ms | ActiveRecord: 0.9ms | Allocations: 1168)


Started GET "/pokemons" for ::1 at 2023-07-12 09:38:04 -0400
Processing by PokemonsController#index as */*
  [1m[36mPokemon Load (0.4ms)[0m  [1m[34mSELECT "pokemons".* FROM "pokemons"[0m
  ↳ app/controllers/pokemons_controller.rb:5:in `index'
Completed 200 OK in 5ms (Views: 3.1ms | ActiveRecord: 0.4ms | Allocations: 1167)


Started GET "/pokemons" for ::1 at 2023-07-12 09:38:05 -0400
Processing by PokemonsController#index as */*
  [1m[36mPokemon Load (0.3ms)[0m  [1m[34mSELECT "pokemons".* FROM "pokemons"[0m
  ↳ app/controllers/pokemons_controller.rb:5:in `index'
Completed 200 OK in 4ms (Views: 2.8ms | ActiveRecord: 0.3ms | Allocations: 1167)


Started GET "/pokemons" for ::1 at 2023-07-12 09:38:05 -0400
Processing by PokemonsController#index as */*
  [1m[36mPokemon Load (0.8ms)[0m  [1m[34mSELECT "pokemons".* FROM "pokemons"[0m
  ↳ app/controllers/pokemons_controller.rb:5:in `index'
Completed 200 OK in 10ms (Views: 8.4ms | ActiveRecord: 0.8ms | Allocations: 1170)


Started GET "/pokemons" for ::1 at 2023-07-12 09:38:12 -0400
Processing by PokemonsController#index as */*
  [1m[36mPokemon Load (0.3ms)[0m  [1m[34mSELECT "pokemons".* FROM "pokemons"[0m
  ↳ app/controllers/pokemons_controller.rb:5:in `index'
Completed 200 OK in 2ms (Views: 1.5ms | ActiveRecord: 0.3ms | Allocations: 1167)


Started GET "/pokemons" for ::1 at 2023-07-12 09:38:12 -0400
Processing by PokemonsController#index as */*
  [1m[36mPokemon Load (0.3ms)[0m  [1m[34mSELECT "pokemons".* FROM "pokemons"[0m
  ↳ app/controllers/pokemons_controller.rb:5:in `index'
Completed 200 OK in 3ms (Views: 2.3ms | ActiveRecord: 0.3ms | Allocations: 1168)


Started GET "/pokemons" for ::1 at 2023-07-12 09:39:09 -0400
Processing by PokemonsController#index as */*
  [1m[36mPokemon Load (14.7ms)[0m  [1m[34mSELECT "pokemons".* FROM "pokemons"[0m
  ↳ app/controllers/pokemons_controller.rb:5:in `index'
Completed 200 OK in 27ms (Views: 11.4ms | ActiveRecord: 14.7ms | Allocations: 1167)


Started GET "/pokemons" for ::1 at 2023-07-12 09:39:09 -0400
Processing by PokemonsController#index as */*
  [1m[36mPokemon Load (0.3ms)[0m  [1m[34mSELECT "pokemons".* FROM "pokemons"[0m
  ↳ app/controllers/pokemons_controller.rb:5:in `index'
Completed 200 OK in 3ms (Views: 1.7ms | ActiveRecord: 0.3ms | Allocations: 1167)


Started GET "/pokemons" for ::1 at 2023-07-12 09:39:09 -0400
Processing by PokemonsController#index as */*
  [1m[36mPokemon Load (1.2ms)[0m  [1m[34mSELECT "pokemons".* FROM "pokemons"[0m
  ↳ app/controllers/pokemons_controller.rb:5:in `index'
Completed 200 OK in 3ms (Views: 1.8ms | ActiveRecord: 1.2ms | Allocations: 1167)


Started GET "/pokemons" for ::1 at 2023-07-12 09:39:09 -0400
Processing by PokemonsController#index as */*
  [1m[36mPokemon Load (0.3ms)[0m  [1m[34mSELECT "pokemons".* FROM "pokemons"[0m
  ↳ app/controllers/pokemons_controller.rb:5:in `index'
Completed 200 OK in 3ms (Views: 2.4ms | ActiveRecord: 0.3ms | Allocations: 1167)


Started GET "/pokemons" for ::1 at 2023-07-12 09:39:09 -0400
Processing by PokemonsController#index as */*
  [1m[36mPokemon Load (0.2ms)[0m  [1m[34mSELECT "pokemons".* FROM "pokemons"[0m
  ↳ app/controllers/pokemons_controller.rb:5:in `index'
Completed 200 OK in 3ms (Views: 2.4ms | ActiveRecord: 0.2ms | Allocations: 1167)


Started GET "/pokemons" for ::1 at 2023-07-12 09:39:18 -0400
Processing by PokemonsController#index as */*
  [1m[36mPokemon Load (0.3ms)[0m  [1m[34mSELECT "pokemons".* FROM "pokemons"[0m
  ↳ app/controllers/pokemons_controller.rb:5:in `index'
Completed 200 OK in 2ms (Views: 1.4ms | ActiveRecord: 0.3ms | Allocations: 1167)


Started GET "/pokemons" for ::1 at 2023-07-12 09:39:18 -0400
Processing by PokemonsController#index as */*
  [1m[36mPokemon Load (0.8ms)[0m  [1m[34mSELECT "pokemons".* FROM "pokemons"[0m
  ↳ app/controllers/pokemons_controller.rb:5:in `index'
Completed 200 OK in 3ms (Views: 2.0ms | ActiveRecord: 0.8ms | Allocations: 1167)


Started GET "/pokemons" for ::1 at 2023-07-12 09:39:38 -0400
Processing by PokemonsController#index as */*
  [1m[36mPokemon Load (0.2ms)[0m  [1m[34mSELECT "pokemons".* FROM "pokemons"[0m
  ↳ app/controllers/pokemons_controller.rb:5:in `index'
Completed 200 OK in 2ms (Views: 1.5ms | ActiveRecord: 0.2ms | Allocations: 1167)


Started GET "/pokemons" for ::1 at 2023-07-12 09:39:38 -0400
Processing by PokemonsController#index as */*
  [1m[36mPokemon Load (0.4ms)[0m  [1m[34mSELECT "pokemons".* FROM "pokemons"[0m
  ↳ app/controllers/pokemons_controller.rb:5:in `index'
Completed 200 OK in 3ms (Views: 2.0ms | ActiveRecord: 0.4ms | Allocations: 1167)


Started GET "/pokemons" for ::1 at 2023-07-12 09:54:52 -0400
  [1m[36mActiveRecord::SchemaMigration Pluck (0.6ms)[0m  [1m[34mSELECT "schema_migrations"."version" FROM "schema_migrations" ORDER BY "schema_migrations"."version" ASC[0m
Processing by PokemonsController#index as */*
  [1m[36mPokemon Load (0.8ms)[0m  [1m[34mSELECT "pokemons".* FROM "pokemons"[0m
  ↳ app/controllers/pokemons_controller.rb:5:in `index'
Completed 200 OK in 14ms (Views: 4.3ms | ActiveRecord: 7.4ms | Allocations: 9795)


Started GET "/pokemons" for ::1 at 2023-07-12 09:54:52 -0400
Processing by PokemonsController#index as */*
  [1m[36mPokemon Load (0.3ms)[0m  [1m[34mSELECT "pokemons".* FROM "pokemons"[0m
  ↳ app/controllers/pokemons_controller.rb:5:in `index'
Completed 200 OK in 4ms (Views: 3.6ms | ActiveRecord: 0.3ms | Allocations: 1168)


Started GET "/pokemons" for ::1 at 2023-07-12 10:43:40 -0400
Processing by PokemonsController#index as */*
  [1m[36mPokemon Load (1.7ms)[0m  [1m[34mSELECT "pokemons".* FROM "pokemons"[0m
  ↳ app/controllers/pokemons_controller.rb:5:in `index'
Completed 200 OK in 63ms (Views: 61.6ms | ActiveRecord: 39.1ms | Allocations: 4040)


Started GET "/pokemons" for ::1 at 2023-07-12 10:43:40 -0400
Processing by PokemonsController#index as */*
  [1m[36mPokemon Load (0.2ms)[0m  [1m[34mSELECT "pokemons".* FROM "pokemons"[0m
  ↳ app/controllers/pokemons_controller.rb:5:in `index'
Completed 200 OK in 2ms (Views: 1.2ms | ActiveRecord: 0.2ms | Allocations: 1167)


Started GET "/pokemons" for ::1 at 2023-07-12 10:46:35 -0400
Processing by PokemonsController#index as */*
  [1m[36mPokemon Load (0.5ms)[0m  [1m[34mSELECT "pokemons".* FROM "pokemons"[0m
  ↳ app/controllers/pokemons_controller.rb:5:in `index'
Completed 200 OK in 4ms (Views: 2.7ms | ActiveRecord: 0.5ms | Allocations: 1178)


Started GET "/pokemons" for ::1 at 2023-07-12 10:46:35 -0400
Processing by PokemonsController#index as */*
  [1m[36mPokemon Load (0.4ms)[0m  [1m[34mSELECT "pokemons".* FROM "pokemons"[0m
  ↳ app/controllers/pokemons_controller.rb:5:in `index'
Completed 200 OK in 2ms (Views: 1.3ms | ActiveRecord: 0.4ms | Allocations: 1167)


Started GET "/pokemons" for ::1 at 2023-07-12 10:48:08 -0400
Processing by PokemonsController#index as */*
  [1m[36mPokemon Load (2.0ms)[0m  [1m[34mSELECT "pokemons".* FROM "pokemons"[0m
  ↳ app/controllers/pokemons_controller.rb:5:in `index'
Completed 200 OK in 25ms (Views: 21.9ms | ActiveRecord: 2.0ms | Allocations: 1178)


Started GET "/pokemons" for ::1 at 2023-07-12 10:48:08 -0400
Processing by PokemonsController#index as */*
  [1m[36mPokemon Load (0.3ms)[0m  [1m[34mSELECT "pokemons".* FROM "pokemons"[0m
  ↳ app/controllers/pokemons_controller.rb:5:in `index'
Completed 200 OK in 2ms (Views: 1.4ms | ActiveRecord: 0.3ms | Allocations: 1167)


Started GET "/pokemons" for ::1 at 2023-07-12 11:28:53 -0400
Processing by PokemonsController#index as */*
  [1m[36mPokemon Load (1.4ms)[0m  [1m[34mSELECT "pokemons".* FROM "pokemons"[0m
  ↳ app/controllers/pokemons_controller.rb:5:in `index'
Completed 200 OK in 82ms (Views: 81.2ms | ActiveRecord: 57.3ms | Allocations: 4024)


Started GET "/pokemons" for ::1 at 2023-07-12 11:28:53 -0400
Processing by PokemonsController#index as */*
  [1m[36mPokemon Load (0.8ms)[0m  [1m[34mSELECT "pokemons".* FROM "pokemons"[0m
  ↳ app/controllers/pokemons_controller.rb:5:in `index'
Completed 200 OK in 3ms (Views: 2.0ms | ActiveRecord: 0.8ms | Allocations: 1167)


Started GET "/pokemons" for ::1 at 2023-07-12 11:29:55 -0400
Processing by PokemonsController#index as */*
  [1m[36mPokemon Load (0.7ms)[0m  [1m[34mSELECT "pokemons".* FROM "pokemons"[0m
  ↳ app/controllers/pokemons_controller.rb:5:in `index'
Completed 200 OK in 6ms (Views: 4.0ms | ActiveRecord: 0.7ms | Allocations: 1167)


Started GET "/pokemons" for ::1 at 2023-07-12 11:29:55 -0400
Processing by PokemonsController#index as */*
  [1m[36mPokemon Load (0.2ms)[0m  [1m[34mSELECT "pokemons".* FROM "pokemons"[0m
  ↳ app/controllers/pokemons_controller.rb:5:in `index'
Completed 200 OK in 2ms (Views: 1.3ms | ActiveRecord: 0.2ms | Allocations: 1167)


Started GET "/pokemons" for ::1 at 2023-07-12 11:30:35 -0400
Processing by PokemonsController#index as */*
  [1m[36mPokemon Load (0.3ms)[0m  [1m[34mSELECT "pokemons".* FROM "pokemons"[0m
  ↳ app/controllers/pokemons_controller.rb:5:in `index'
Completed 200 OK in 2ms (Views: 1.0ms | ActiveRecord: 0.3ms | Allocations: 1167)


Started GET "/pokemons" for ::1 at 2023-07-12 11:30:35 -0400
Processing by PokemonsController#index as */*
  [1m[36mPokemon Load (0.2ms)[0m  [1m[34mSELECT "pokemons".* FROM "pokemons"[0m
  ↳ app/controllers/pokemons_controller.rb:5:in `index'
Completed 200 OK in 1ms (Views: 0.9ms | ActiveRecord: 0.2ms | Allocations: 1168)


Started GET "/pokemons" for ::1 at 2023-07-12 11:30:35 -0400
Processing by PokemonsController#index as */*
  [1m[36mPokemon Load (0.3ms)[0m  [1m[34mSELECT "pokemons".* FROM "pokemons"[0m
  ↳ app/controllers/pokemons_controller.rb:5:in `index'
Completed 200 OK in 3ms (Views: 2.3ms | ActiveRecord: 0.3ms | Allocations: 1167)


Started GET "/pokemons" for ::1 at 2023-07-12 11:30:35 -0400
Processing by PokemonsController#index as */*
  [1m[36mPokemon Load (0.2ms)[0m  [1m[34mSELECT "pokemons".* FROM "pokemons"[0m
  ↳ app/controllers/pokemons_controller.rb:5:in `index'
Completed 200 OK in 2ms (Views: 1.4ms | ActiveRecord: 0.2ms | Allocations: 1167)


Started GET "/pokemons" for ::1 at 2023-07-12 11:30:36 -0400
Processing by PokemonsController#index as */*
  [1m[36mPokemon Load (0.2ms)[0m  [1m[34mSELECT "pokemons".* FROM "pokemons"[0m
  ↳ app/controllers/pokemons_controller.rb:5:in `index'
Completed 200 OK in 4ms (Views: 3.0ms | ActiveRecord: 0.2ms | Allocations: 1167)


Started GET "/pokemons" for ::1 at 2023-07-12 11:30:36 -0400
Processing by PokemonsController#index as */*
  [1m[36mPokemon Load (0.2ms)[0m  [1m[34mSELECT "pokemons".* FROM "pokemons"[0m
  ↳ app/controllers/pokemons_controller.rb:5:in `index'
Completed 200 OK in 3ms (Views: 1.8ms | ActiveRecord: 0.2ms | Allocations: 1167)


Started GET "/pokemons" for ::1 at 2023-07-12 11:30:36 -0400
Processing by PokemonsController#index as */*
  [1m[36mPokemon Load (0.3ms)[0m  [1m[34mSELECT "pokemons".* FROM "pokemons"[0m
  ↳ app/controllers/pokemons_controller.rb:5:in `index'
Completed 200 OK in 9ms (Views: 7.9ms | ActiveRecord: 0.3ms | Allocations: 1167)


Started GET "/pokemons" for ::1 at 2023-07-12 11:30:36 -0400
Processing by PokemonsController#index as */*
  [1m[36mPokemon Load (0.2ms)[0m  [1m[34mSELECT "pokemons".* FROM "pokemons"[0m
  ↳ app/controllers/pokemons_controller.rb:5:in `index'
Completed 200 OK in 3ms (Views: 1.9ms | ActiveRecord: 0.2ms | Allocations: 1167)


Started GET "/pokemons" for ::1 at 2023-07-12 11:32:01 -0400
Processing by PokemonsController#index as */*
  [1m[36mPokemon Load (0.2ms)[0m  [1m[34mSELECT "pokemons".* FROM "pokemons"[0m
  ↳ app/controllers/pokemons_controller.rb:5:in `index'
Completed 200 OK in 3ms (Views: 2.2ms | ActiveRecord: 0.2ms | Allocations: 1167)


Started GET "/pokemons" for ::1 at 2023-07-12 11:32:01 -0400
Processing by PokemonsController#index as */*
  [1m[36mPokemon Load (0.3ms)[0m  [1m[34mSELECT "pokemons".* FROM "pokemons"[0m
  ↳ app/controllers/pokemons_controller.rb:5:in `index'
Completed 200 OK in 3ms (Views: 2.1ms | ActiveRecord: 0.3ms | Allocations: 1167)


Started GET "/pokemons" for ::1 at 2023-07-12 11:33:59 -0400
Processing by PokemonsController#index as */*
  [1m[36mPokemon Load (0.9ms)[0m  [1m[34mSELECT "pokemons".* FROM "pokemons"[0m
  ↳ app/controllers/pokemons_controller.rb:5:in `index'
Completed 200 OK in 25ms (Views: 22.8ms | ActiveRecord: 0.9ms | Allocations: 1167)


Started GET "/pokemons" for ::1 at 2023-07-12 11:33:59 -0400
Processing by PokemonsController#index as */*
  [1m[36mPokemon Load (0.2ms)[0m  [1m[34mSELECT "pokemons".* FROM "pokemons"[0m
  ↳ app/controllers/pokemons_controller.rb:5:in `index'
Completed 200 OK in 1ms (Views: 1.0ms | ActiveRecord: 0.2ms | Allocations: 1167)


Started GET "/pokemons" for ::1 at 2023-07-12 11:34:00 -0400
Processing by PokemonsController#index as */*
  [1m[36mPokemon Load (0.3ms)[0m  [1m[34mSELECT "pokemons".* FROM "pokemons"[0m
  ↳ app/controllers/pokemons_controller.rb:5:in `index'
Completed 200 OK in 3ms (Views: 1.8ms | ActiveRecord: 0.3ms | Allocations: 1167)


Started GET "/pokemons" for ::1 at 2023-07-12 11:34:00 -0400
Processing by PokemonsController#index as */*
  [1m[36mPokemon Load (0.2ms)[0m  [1m[34mSELECT "pokemons".* FROM "pokemons"[0m
  ↳ app/controllers/pokemons_controller.rb:5:in `index'
Completed 200 OK in 3ms (Views: 2.6ms | ActiveRecord: 0.2ms | Allocations: 1167)


Started GET "/pokemons" for ::1 at 2023-07-12 11:34:00 -0400
Processing by PokemonsController#index as */*
  [1m[36mPokemon Load (0.2ms)[0m  [1m[34mSELECT "pokemons".* FROM "pokemons"[0m
  ↳ app/controllers/pokemons_controller.rb:5:in `index'
Completed 200 OK in 3ms (Views: 1.9ms | ActiveRecord: 0.2ms | Allocations: 1167)


Started GET "/pokemons" for ::1 at 2023-07-12 11:34:00 -0400
Processing by PokemonsController#index as */*
  [1m[36mPokemon Load (0.2ms)[0m  [1m[34mSELECT "pokemons".* FROM "pokemons"[0m
  ↳ app/controllers/pokemons_controller.rb:5:in `index'
Completed 200 OK in 3ms (Views: 1.8ms | ActiveRecord: 0.2ms | Allocations: 1168)


Started GET "/pokemons" for ::1 at 2023-07-12 11:34:00 -0400
Processing by PokemonsController#index as */*
  [1m[36mPokemon Load (0.5ms)[0m  [1m[34mSELECT "pokemons".* FROM "pokemons"[0m
  ↳ app/controllers/pokemons_controller.rb:5:in `index'
Completed 200 OK in 3ms (Views: 1.9ms | ActiveRecord: 0.5ms | Allocations: 1167)


Started GET "/pokemons" for ::1 at 2023-07-12 11:34:00 -0400
Processing by PokemonsController#index as */*
  [1m[36mPokemon Load (0.3ms)[0m  [1m[34mSELECT "pokemons".* FROM "pokemons"[0m
  ↳ app/controllers/pokemons_controller.rb:5:in `index'
Completed 200 OK in 4ms (Views: 2.7ms | ActiveRecord: 0.3ms | Allocations: 1167)


